<?xml version="1.0" encoding="UTF-8"?>
<testsuite name="com.vizor.test.controller.ImageControllerTest" tests="10" skipped="0" failures="0" errors="0" timestamp="2024-12-10T19:03:11" hostname="NIFMYNIF" time="0.124">
  <properties/>
  <testcase name="moveLastTwoPics()" classname="com.vizor.test.controller.ImageControllerTest" time="0.044"/>
  <testcase name="ErrorSaveNullFile()" classname="com.vizor.test.controller.ImageControllerTest" time="0.006"/>
  <testcase name="deleteLastPic()" classname="com.vizor.test.controller.ImageControllerTest" time="0.013"/>
  <testcase name="moveLeft()" classname="com.vizor.test.controller.ImageControllerTest" time="0.005"/>
  <testcase name="saveImage()" classname="com.vizor.test.controller.ImageControllerTest" time="0.011"/>
  <testcase name="getImageByName()" classname="com.vizor.test.controller.ImageControllerTest" time="0.001"/>
  <testcase name="moveRight()" classname="com.vizor.test.controller.ImageControllerTest" time="0.005"/>
  <testcase name="isFolderHasPics()" classname="com.vizor.test.controller.ImageControllerTest" time="0.005"/>
  <testcase name="errorGetImageByName()" classname="com.vizor.test.controller.ImageControllerTest" time="0.004"/>
  <testcase name="errorSaveInk()" classname="com.vizor.test.controller.ImageControllerTest" time="0.008"/>
  <system-out><![CDATA[22:03:11 INFO  - class com.vizor.test.controller.ImageController Массив заполнен 5 элементов
22:03:11 INFO  - class com.vizor.test.controller.ImageController Массив заполнен 0 элементов
22:03:11 WARN  - class com.vizor.test.controller.ImageController Такой Картинки не существует: 1632938986199138400.jpg
22:03:11 INFO  - class com.vizor.test.controller.ImageController Картинка 1632938986199138400.jpg сохранена
22:03:11 WARN  - class com.vizor.test.controller.ImageController Такой Картинки не существует: 0a84326a-258e-410d-acb0-75d143de2fce.png
22:03:11 INFO  - class com.vizor.test.controller.ImageController Картинка 0a84326a-258e-410d-acb0-75d143de2fce.png сохранена
22:03:11 INFO  - class com.vizor.test.controller.ImageController Картинка 0a84326a-258e-410d-acb0-75d143de2fce.png удалена
22:03:11 INFO  - class com.vizor.test.controller.ImageController Картинка 1632938986199138400.jpg удалена
22:03:11 WARN  - class com.vizor.test.controller.ImageController Файл не существует или это не файл
22:03:11 INFO  - class com.vizor.test.controller.ImageController Массив заполнен 0 элементов
22:03:11 WARN  - class com.vizor.test.controller.ImageController Такой Картинки не существует: 1632938986199138400.jpg
22:03:11 INFO  - class com.vizor.test.controller.ImageController Картинка 1632938986199138400.jpg сохранена
22:03:11 INFO  - class com.vizor.test.controller.ImageController Картинка 1632938986199138400.jpg удалена
22:03:11 WARN  - class com.vizor.test.controller.ImageController Такой Картинки не существует: 1632938986199138400.jpg
22:03:11 INFO  - class com.vizor.test.controller.ImageController Картинка 1632938986199138400.jpg сохранена
22:03:11 INFO  - class com.vizor.test.controller.ImageController Картинка 1632938986199138400.jpg удалена
22:03:11 WARN  - class com.vizor.test.controller.ImageController Такой Картинки не существует: 
22:03:11 WARN  - class com.vizor.test.controller.ImageController Это не картинка: IntelliJ IDEA Community Edition 2024.3.lnk
]]></system-out>
  <system-err><![CDATA[]]></system-err>
</testsuite>
