<?xml version="1.0" encoding="UTF-8"?>
<testsuite name="com.vizor.test.controller.ImageControllerTest" tests="8" skipped="0" failures="0" errors="0" timestamp="2024-12-10T15:05:22" hostname="NIFMYNIF" time="12.096">
  <properties/>
  <testcase name="ErrorSaveNullFile()" classname="com.vizor.test.controller.ImageControllerTest" time="0.019"/>
  <testcase name="moveLeft()" classname="com.vizor.test.controller.ImageControllerTest" time="12.008"/>
  <testcase name="saveImage()" classname="com.vizor.test.controller.ImageControllerTest" time="0.016"/>
  <testcase name="getImageByName()" classname="com.vizor.test.controller.ImageControllerTest" time="0.004"/>
  <testcase name="moveRight()" classname="com.vizor.test.controller.ImageControllerTest" time="0.008"/>
  <testcase name="isFolderHasPics()" classname="com.vizor.test.controller.ImageControllerTest" time="0.011"/>
  <testcase name="errorGetImageByName()" classname="com.vizor.test.controller.ImageControllerTest" time="0.006"/>
  <testcase name="errorSaveInk()" classname="com.vizor.test.controller.ImageControllerTest" time="0.008"/>
  <system-out><![CDATA[18:05:22 INFO  - class com.vizor.test.controller.ImageController Массив заполнен 5 элементов
18:05:22 WARN  - class com.vizor.test.controller.ImageController Файл не существует или это не файл: 
18:05:34 WARN  - class com.vizor.test.controller.ImageController Такой Картинки не существует: 1632938986199138400
18:05:34 INFO  - class com.vizor.test.controller.ImageController Картинка 1632938986199138400.jpg сохранена
18:05:34 INFO  - class com.vizor.test.controller.ImageController Картинка 1632938986199138400.jpg уже есть
18:05:34 INFO  - class com.vizor.test.controller.ImageController Картинка 1632938986199138400.jpg удалена
18:05:34 WARN  - class com.vizor.test.controller.ImageController Такой Картинки не существует: 
18:05:34 WARN  - class com.vizor.test.controller.ImageController Это не картинка: IntelliJ IDEA Community Edition 2024.3.lnk
]]></system-out>
  <system-err><![CDATA[]]></system-err>
</testsuite>
