<?xml version="1.0" encoding="UTF-8"?>
<testsuite name="com.vizor.test.controller.ImageControllerTest" tests="8" skipped="0" failures="0" errors="0" timestamp="2024-12-10T18:38:59" hostname="NIFMYNIF" time="0.118">
  <properties/>
  <testcase name="ErrorSaveNullFile()" classname="com.vizor.test.controller.ImageControllerTest" time="0.043"/>
  <testcase name="moveLeft()" classname="com.vizor.test.controller.ImageControllerTest" time="0.011"/>
  <testcase name="saveImage()" classname="com.vizor.test.controller.ImageControllerTest" time="0.018"/>
  <testcase name="getImageByName()" classname="com.vizor.test.controller.ImageControllerTest" time="0.007"/>
  <testcase name="moveRight()" classname="com.vizor.test.controller.ImageControllerTest" time="0.008"/>
  <testcase name="isFolderHasPics()" classname="com.vizor.test.controller.ImageControllerTest" time="0.006"/>
  <testcase name="errorGetImageByName()" classname="com.vizor.test.controller.ImageControllerTest" time="0.006"/>
  <testcase name="errorSaveInk()" classname="com.vizor.test.controller.ImageControllerTest" time="0.007"/>
  <system-out><![CDATA[21:38:59 INFO  - class com.vizor.test.controller.ImageController Массив заполнен 5 элементов
21:38:59 WARN  - class com.vizor.test.controller.ImageController Файл не существует или это не файл
21:38:59 WARN  - class com.vizor.test.controller.ImageController Такой Картинки не существует: 1632938986199138400.jpg
21:38:59 INFO  - class com.vizor.test.controller.ImageController Картинка 1632938986199138400.jpg сохранена
21:38:59 INFO  - class com.vizor.test.controller.ImageController Картинка 1632938986199138400.jpg удалена
21:38:59 WARN  - class com.vizor.test.controller.ImageController Такой Картинки не существует: 
21:38:59 WARN  - class com.vizor.test.controller.ImageController Это не картинка: IntelliJ IDEA Community Edition 2024.3.lnk
]]></system-out>
  <system-err><![CDATA[]]></system-err>
</testsuite>
